<?xml version="1.0" encoding="UTF-8"?>
<!-- Generated by org.testng.reporters.JUnitXMLReporter -->
<testsuite ignored="0" hostname="DESKTOP-HLOD5N6" failures="0" tests="1" name="Elements Tests" time="0.161" errors="0" timestamp="2025-11-16T14:50:24 IST">
  <testcase classname="tests.TextBoxTest" name="@BeforeMethod setUp" time="0.069">
    <failure type="java.lang.ExceptionInInitializerError">
      <![CDATA[java.lang.ExceptionInInitializerError
at drivers.DriverFactory.initDriver(DriverFactory.java:19)
at tests.TextBoxTest.setUp(TextBoxTest.java:17)
at java.base/java.util.ArrayList.forEach(ArrayList.java:1596)
at java.base/java.util.concurrent.FutureTask.run(FutureTask.java:317)
at java.base/java.util.concurrent.ThreadPoolExecutor.runWorker(ThreadPoolExecutor.java:1144)
at java.base/java.util.concurrent.ThreadPoolExecutor$Worker.run(ThreadPoolExecutor.java:642)
at java.base/java.lang.Thread.run(Thread.java:1583)
Caused by: java.lang.RuntimeException: Failed to load config.properties file
at config.ConfigReader.<clinit>(ConfigReader.java:14)
... 26 more
Caused by: java.io.FileNotFoundException: resources\config.properties (The system cannot find the path specified)
at java.base/java.io.FileInputStream.open0(Native Method)
at java.base/java.io.FileInputStream.open(FileInputStream.java:213)
at java.base/java.io.FileInputStream.<init>(FileInputStream.java:152)
at java.base/java.io.FileInputStream.<init>(FileInputStream.java:106)
at config.ConfigReader.<clinit>(ConfigReader.java:11)
... 26 more
... Removed 19 stack frames]]>
    </failure>
  </testcase> <!-- @BeforeMethod setUp -->
  <testcase classname="tests.TextBoxTest" name="@AfterMethod tearDown" time="0.0">
    <skipped/>
  </testcase> <!-- @AfterMethod tearDown -->
  <testcase classname="tests.TextBoxTest" name="submitTextBoxForm" time="0.0">
    <skipped/>
  </testcase> <!-- submitTextBoxForm -->
</testsuite> <!-- Elements Tests -->
