<?xml version="1.0" encoding="UTF-8"?>
<!-- Generated by org.testng.reporters.JUnitXMLReporter -->
<testsuite ignored="0" hostname="DESKTOP-HLOD5N6" failures="0" tests="5" name="TextBox Tests" time="0.478" errors="0" timestamp="2026-01-20T17:33:42 IST">
  <testcase classname="base.BaseTest" name="@BeforeMethod setUp" time="0.012">
    <failure type="java.lang.IllegalStateException" message="Driver is not initialized. Call initDriver() first.">
      <![CDATA[java.lang.IllegalStateException: Driver is not initialized. Call initDriver() first.
at drivers.DriverFactory.getDriver(DriverFactory.java:125)
at base.BaseTest.initDriver(BaseTest.java:14)
at base.BaseTest.setUp(BaseTest.java:27)
at java.base/java.util.ArrayList.forEach(ArrayList.java:1596)
at java.base/java.util.concurrent.FutureTask.run(FutureTask.java:317)
at java.base/java.util.concurrent.ThreadPoolExecutor.runWorker(ThreadPoolExecutor.java:1144)
at java.base/java.util.concurrent.ThreadPoolExecutor$Worker.run(ThreadPoolExecutor.java:642)
at java.base/java.lang.Thread.run(Thread.java:1583)
... Removed 19 stack frames]]>
    </failure>
  </testcase> <!-- @BeforeMethod setUp -->
  <testcase classname="tdd.TextBoxTest" name="@BeforeMethod setupTest" time="0.0">
    <skipped/>
  </testcase> <!-- @BeforeMethod setupTest -->
  <testcase classname="base.BaseTest" name="@BeforeMethod setUp" time="0.001">
    <failure type="java.lang.IllegalStateException" message="Driver is not initialized. Call initDriver() first.">
      <![CDATA[java.lang.IllegalStateException: Driver is not initialized. Call initDriver() first.
at drivers.DriverFactory.getDriver(DriverFactory.java:125)
at base.BaseTest.initDriver(BaseTest.java:14)
at base.BaseTest.setUp(BaseTest.java:27)
at java.base/java.util.ArrayList.forEach(ArrayList.java:1596)
at java.base/java.util.concurrent.FutureTask.run(FutureTask.java:317)
at java.base/java.util.concurrent.ThreadPoolExecutor.runWorker(ThreadPoolExecutor.java:1144)
at java.base/java.util.concurrent.ThreadPoolExecutor$Worker.run(ThreadPoolExecutor.java:642)
at java.base/java.lang.Thread.run(Thread.java:1583)
... Removed 19 stack frames]]>
    </failure>
  </testcase> <!-- @BeforeMethod setUp -->
  <testcase classname="tdd.TextBoxTest" name="@BeforeMethod setupTest" time="0.0">
    <skipped/>
  </testcase> <!-- @BeforeMethod setupTest -->
  <testcase classname="base.BaseTest" name="@BeforeMethod setUp" time="0.0">
    <failure type="java.lang.IllegalStateException" message="Driver is not initialized. Call initDriver() first.">
      <![CDATA[java.lang.IllegalStateException: Driver is not initialized. Call initDriver() first.
at drivers.DriverFactory.getDriver(DriverFactory.java:125)
at base.BaseTest.initDriver(BaseTest.java:14)
at base.BaseTest.setUp(BaseTest.java:27)
at java.base/java.util.ArrayList.forEach(ArrayList.java:1596)
at java.base/java.util.concurrent.FutureTask.run(FutureTask.java:317)
at java.base/java.util.concurrent.ThreadPoolExecutor.runWorker(ThreadPoolExecutor.java:1144)
at java.base/java.util.concurrent.ThreadPoolExecutor$Worker.run(ThreadPoolExecutor.java:642)
at java.base/java.lang.Thread.run(Thread.java:1583)
... Removed 19 stack frames]]>
    </failure>
  </testcase> <!-- @BeforeMethod setUp -->
  <testcase classname="tdd.TextBoxTest" name="@BeforeMethod setupTest" time="0.0">
    <skipped/>
  </testcase> <!-- @BeforeMethod setupTest -->
  <testcase classname="base.BaseTest" name="@BeforeMethod setUp" time="0.0">
    <failure type="java.lang.IllegalStateException" message="Driver is not initialized. Call initDriver() first.">
      <![CDATA[java.lang.IllegalStateException: Driver is not initialized. Call initDriver() first.
at drivers.DriverFactory.getDriver(DriverFactory.java:125)
at base.BaseTest.initDriver(BaseTest.java:14)
at base.BaseTest.setUp(BaseTest.java:27)
at java.base/java.util.ArrayList.forEach(ArrayList.java:1596)
at java.base/java.util.concurrent.FutureTask.run(FutureTask.java:317)
at java.base/java.util.concurrent.ThreadPoolExecutor.runWorker(ThreadPoolExecutor.java:1144)
at java.base/java.util.concurrent.ThreadPoolExecutor$Worker.run(ThreadPoolExecutor.java:642)
at java.base/java.lang.Thread.run(Thread.java:1583)
... Removed 19 stack frames]]>
    </failure>
  </testcase> <!-- @BeforeMethod setUp -->
  <testcase classname="tdd.TextBoxTest" name="@BeforeMethod setupTest" time="0.0">
    <skipped/>
  </testcase> <!-- @BeforeMethod setupTest -->
  <testcase classname="base.BaseTest" name="@BeforeMethod setUp" time="0.001">
    <failure type="java.lang.IllegalStateException" message="Driver is not initialized. Call initDriver() first.">
      <![CDATA[java.lang.IllegalStateException: Driver is not initialized. Call initDriver() first.
at drivers.DriverFactory.getDriver(DriverFactory.java:125)
at base.BaseTest.initDriver(BaseTest.java:14)
at base.BaseTest.setUp(BaseTest.java:27)
at java.base/java.util.ArrayList.forEach(ArrayList.java:1596)
at java.base/java.util.concurrent.FutureTask.run(FutureTask.java:317)
at java.base/java.util.concurrent.ThreadPoolExecutor.runWorker(ThreadPoolExecutor.java:1144)
at java.base/java.util.concurrent.ThreadPoolExecutor$Worker.run(ThreadPoolExecutor.java:642)
at java.base/java.lang.Thread.run(Thread.java:1583)
... Removed 19 stack frames]]>
    </failure>
  </testcase> <!-- @BeforeMethod setUp -->
  <testcase classname="tdd.TextBoxTest" name="@BeforeMethod setupTest" time="0.0">
    <skipped/>
  </testcase> <!-- @BeforeMethod setupTest -->
  <testcase classname="tdd.TextBoxTest" name="tc01_validSubmission" time="0.0">
    <skipped/>
  </testcase> <!-- tc01_validSubmission -->
  <testcase classname="tdd.TextBoxTest" name="tc02_emptyFormSubmission" time="0.0">
    <skipped/>
  </testcase> <!-- tc02_emptyFormSubmission -->
  <testcase classname="tdd.TextBoxTest" name="tc03_invalidEmail" time="0.001">
    <skipped/>
  </testcase> <!-- tc03_invalidEmail -->
  <testcase classname="tdd.TextBoxTest" name="tc04_specialCharactersInName" time="0.0">
    <skipped/>
  </testcase> <!-- tc04_specialCharactersInName -->
  <testcase classname="tdd.TextBoxTest" name="tc05_longAddress" time="0.0">
    <skipped/>
  </testcase> <!-- tc05_longAddress -->
</testsuite> <!-- TextBox Tests -->
