<?xml version="1.0" encoding="UTF-8"?>
<!-- Generated by org.testng.reporters.JUnitReportReporter -->
<testsuite hostname="DESKTOP-HLOD5N6" failures="0" tests="5" name="tdd.TextBoxTest" time="85.755" errors="0" timestamp="2026-01-26T19:43:37 IST" skipped="0">
  <testcase classname="tdd.TextBoxTest" name="tc01_validSubmission" time="8.123"/>
  <testcase classname="tdd.TextBoxTest" name="tc02_emptyFormSubmission" time="25.499"/>
  <testcase classname="tdd.TextBoxTest" name="tc04_specialCharactersInName" time="14.206"/>
  <testcase classname="tdd.TextBoxTest" name="tc05_longAddress" time="11.759"/>
  <testcase classname="tdd.TextBoxTest" name="tc03_invalidEmail" time="26.168"/>
</testsuite> <!-- tdd.TextBoxTest -->
