<?xml version="1.0" encoding="UTF-8"?>
<!-- Generated by org.testng.reporters.JUnitReportReporter -->
<testsuite hostname="DESKTOP-HLOD5N6" failures="0" tests="5" name="tdd.CheckBoxTest" time="41.357" errors="0" timestamp="2026-01-26T19:43:37 IST" skipped="0">
  <testcase classname="tdd.CheckBoxTest" name="tc04_selectMultiple" time="7.300"/>
  <testcase classname="tdd.CheckBoxTest" name="tc01_selectHome" time="7.586"/>
  <testcase classname="tdd.CheckBoxTest" name="tc02_selectDesktop" time="6.077"/>
  <testcase classname="tdd.CheckBoxTest" name="tc03_selectDocuments" time="13.460"/>
  <testcase classname="tdd.CheckBoxTest" name="tc05_collapseAndExpandPersistence" time="6.934"/>
</testsuite> <!-- tdd.CheckBoxTest -->
